7:55:55 PM | Debug | 'Provided token: OTY1MjcyMDU4MTk4MDk3OTQw.YlwxqA.***************************' | 
7:55:55 PM | Debug | 'Preparing to connect to the gateway...' | 
7:55:56 PM | Debug | '[WS => Manager] Session Limit Information\n    Total: 1000\n    Remaining: 1000' | 
7:55:56 PM | Debug | '[WS => Manager] Fetched Gateway Information\n    URL: wss://gateway.discord.gg\n    Recommended Shards: 1' | 
7:55:56 PM | Debug | '[WS => Shard 0] [CONNECT]\n    Gateway    : wss://gateway.discord.gg/\n    Version    : 9\n    Encoding   : json\n    Compression: none' | 
7:55:56 PM | Debug | '[WS => Manager] Using the recommended shard count provided by Discord: 1' | 
7:55:56 PM | Debug | '[WS => Manager] Spawning shards: 0' | 
7:55:56 PM | Debug | '[WS => Shard 0] Setting a HELLO timeout for 20s.' | 
7:55:56 PM | Debug | '[WS => Shard 0] Clearing the HELLO timeout.' | 
7:55:56 PM | Debug | '[WS => Shard 0] [CONNECTED] Took 511ms' | 
7:55:56 PM | Debug | '[WS => Shard 0] Setting a heartbeat interval for 41250ms.' | 
7:55:56 PM | Debug | '[WS => Shard 0] [IDENTIFY] Shard 0/1 with intents: 643' | 
7:55:57 PM | Debug | '[WS => Shard 0] [READY] Session 5fe5c5fb9a301871c1ed191d4418212b.' | 
7:55:57 PM | Debug | '[WS => Shard 0] [ReadyHeartbeat] Sending a heartbeat.' | 
7:55:57 PM | Debug | '[WS => Shard 0] Shard received all its guilds. Marking as fully ready.' | 
7:55:57 PM | Debug | '[WS => Shard 0] Heartbeat acknowledged, latency of 376ms.' | 
7:56:38 PM | Debug | '[WS => Shard 0] [HeartbeatTimer] Sending a heartbeat.' | 
7:56:38 PM | Debug | '[WS => Shard 0] Heartbeat acknowledged, latency of 351ms.' | 
7:57:15 PM | Debug | 'Provided token: OTY1MjcyMDU4MTk4MDk3OTQw.YlwxqA.***************************' | 
7:57:15 PM | Debug | 'Preparing to connect to the gateway...' | 
7:57:15 PM | Debug | '[WS => Manager] Fetched Gateway Information\n    URL: wss://gateway.discord.gg\n    Recommended Shards: 1' | 
7:57:15 PM | Debug | '[WS => Manager] Session Limit Information\n    Total: 1000\n    Remaining: 999' | 
7:57:15 PM | Debug | '[WS => Manager] Using the recommended shard count provided by Discord: 1' | 
7:57:15 PM | Debug | '[WS => Manager] Spawning shards: 0' | 
7:57:15 PM | Debug | '[WS => Shard 0] [CONNECT]\n    Gateway    : wss://gateway.discord.gg/\n    Version    : 9\n    Encoding   : json\n    Compression: none' | 
7:57:15 PM | Debug | '[WS => Shard 0] Setting a HELLO timeout for 20s.' | 
7:57:16 PM | Debug | '[WS => Shard 0] [CONNECTED] Took 575ms' | 
7:57:16 PM | Debug | '[WS => Shard 0] Clearing the HELLO timeout.' | 
7:57:16 PM | Debug | '[WS => Shard 0] Setting a heartbeat interval for 41250ms.' | 
7:57:16 PM | Debug | '[WS => Shard 0] [IDENTIFY] Shard 0/1 with intents: 643' | 
7:57:16 PM | Debug | '[WS => Shard 0] [READY] Session fbe9d04c791d8de05d60b35c455a337e.' | 
7:57:16 PM | Debug | '[WS => Shard 0] [ReadyHeartbeat] Sending a heartbeat.' | 
7:57:17 PM | Debug | '[WS => Shard 0] Shard received all its guilds. Marking as fully ready.' | 
7:57:17 PM | Debug | '[WS => Shard 0] Heartbeat acknowledged, latency of 664ms.' | 
7:57:57 PM | Debug | '[WS => Shard 0] [HeartbeatTimer] Sending a heartbeat.' | 
7:57:58 PM | Debug | '[WS => Shard 0] Heartbeat acknowledged, latency of 360ms.' | 
7:58:38 PM | Debug | '[WS => Shard 0] [HeartbeatTimer] Sending a heartbeat.' | 
7:58:39 PM | Debug | '[WS => Shard 0] Heartbeat acknowledged, latency of 328ms.' | 
7:58:44 PM | Debug | 'Provided token: OTY1MjcyMDU4MTk4MDk3OTQw.YlwxqA.***************************' | 
7:58:44 PM | Debug | 'Preparing to connect to the gateway...' | 
7:58:44 PM | Debug | '[WS => Manager] Fetched Gateway Information\n    URL: wss://gateway.discord.gg\n    Recommended Shards: 1' | 
7:58:44 PM | Debug | '[WS => Manager] Session Limit Information\n    Total: 1000\n    Remaining: 998' | 
7:58:44 PM | Debug | '[WS => Manager] Spawning shards: 0' | 
7:58:44 PM | Debug | '[WS => Manager] Using the recommended shard count provided by Discord: 1' | 
7:58:44 PM | Debug | '[WS => Shard 0] [CONNECT]\n    Gateway    : wss://gateway.discord.gg/\n    Version    : 9\n    Encoding   : json\n    Compression: none' | 
7:58:44 PM | Debug | '[WS => Shard 0] Setting a HELLO timeout for 20s.' | 
7:58:45 PM | Debug | '[WS => Shard 0] Clearing the HELLO timeout.' | 
7:58:45 PM | Debug | '[WS => Shard 0] [CONNECTED] Took 744ms' | 
7:58:45 PM | Debug | '[WS => Shard 0] Setting a heartbeat interval for 41250ms.' | 
7:58:45 PM | Debug | '[WS => Shard 0] [IDENTIFY] Shard 0/1 with intents: 643' | 
7:58:46 PM | Debug | '[WS => Shard 0] [READY] Session f9cf9a03468491e5f3d3378e4213c080.' | 
7:58:46 PM | Debug | '[WS => Shard 0] [ReadyHeartbeat] Sending a heartbeat.' | 
7:58:46 PM | Debug | '[WS => Shard 0] Shard received all its guilds. Marking as fully ready.' | 
7:58:46 PM | Debug | '[WS => Shard 0] Heartbeat acknowledged, latency of 634ms.' | 
7:59:26 PM | Debug | '[WS => Shard 0] [HeartbeatTimer] Sending a heartbeat.' | 
7:59:27 PM | Debug | '[WS => Shard 0] Heartbeat acknowledged, latency of 411ms.' | 
8:00:08 PM | Debug | '[WS => Shard 0] [HeartbeatTimer] Sending a heartbeat.' | 
8:00:08 PM | Debug | '[WS => Shard 0] Heartbeat acknowledged, latency of 405ms.' | 
8:00:49 PM | Debug | '[WS => Shard 0] [HeartbeatTimer] Sending a heartbeat.' | 
8:00:49 PM | Debug | '[WS => Shard 0] Heartbeat acknowledged, latency of 412ms.' | 
8:01:11 PM | Debug | 'Provided token: OTY1MjcyMDU4MTk4MDk3OTQw.YlwxqA.***************************' | 
8:01:11 PM | Debug | 'Preparing to connect to the gateway...' | 
8:01:11 PM | Debug | '[WS => Manager] Fetched Gateway Information\n    URL: wss://gateway.discord.gg\n    Recommended Shards: 1' | 
8:01:11 PM | Debug | '[WS => Manager] Session Limit Information\n    Total: 1000\n    Remaining: 997' | 
8:01:11 PM | Debug | '[WS => Manager] Using the recommended shard count provided by Discord: 1' | 
8:01:11 PM | Debug | '[WS => Shard 0] [CONNECT]\n    Gateway    : wss://gateway.discord.gg/\n    Version    : 9\n    Encoding   : json\n    Compression: none' | 
8:01:11 PM | Debug | '[WS => Manager] Spawning shards: 0' | 
8:01:11 PM | Debug | '[WS => Shard 0] Setting a HELLO timeout for 20s.' | 
8:01:12 PM | Debug | '[WS => Shard 0] [CONNECTED] Took 566ms' | 
8:01:12 PM | Debug | '[WS => Shard 0] Clearing the HELLO timeout.' | 
8:01:12 PM | Debug | '[WS => Shard 0] [IDENTIFY] Shard 0/1 with intents: 643' | 
8:01:12 PM | Debug | '[WS => Shard 0] Setting a heartbeat interval for 41250ms.' | 
8:01:12 PM | Debug | '[WS => Shard 0] [ReadyHeartbeat] Sending a heartbeat.' | 
8:01:12 PM | Debug | '[WS => Shard 0] [READY] Session a4c7f644de41896df24bb9ed102d4a80.' | 
8:01:13 PM | Debug | '[WS => Shard 0] Shard received all its guilds. Marking as fully ready.' | 
8:01:13 PM | Debug | '[WS => Shard 0] Heartbeat acknowledged, latency of 707ms.' | 
8:01:53 PM | Debug | '[WS => Shard 0] [HeartbeatTimer] Sending a heartbeat.' | 
8:01:54 PM | Debug | '[WS => Shard 0] Heartbeat acknowledged, latency of 346ms.' | 
8:02:35 PM | Debug | '[WS => Shard 0] [HeartbeatTimer] Sending a heartbeat.' | 
8:02:35 PM | Debug | '[WS => Shard 0] Heartbeat acknowledged, latency of 334ms.' | 
8:03:16 PM | Debug | '[WS => Shard 0] [HeartbeatTimer] Sending a heartbeat.' | 
8:03:16 PM | Debug | '[WS => Shard 0] Heartbeat acknowledged, latency of 324ms.' | 
8:03:57 PM | Debug | '[WS => Shard 0] [HeartbeatTimer] Sending a heartbeat.' | 
8:03:57 PM | Debug | '[WS => Shard 0] Heartbeat acknowledged, latency of 348ms.' | 
8:04:38 PM | Debug | '[WS => Shard 0] [HeartbeatTimer] Sending a heartbeat.' | 
8:04:39 PM | Debug | '[WS => Shard 0] Heartbeat acknowledged, latency of 331ms.' | 
8:05:20 PM | Debug | '[WS => Shard 0] [HeartbeatTimer] Sending a heartbeat.' | 
8:05:20 PM | Debug | '[WS => Shard 0] Heartbeat acknowledged, latency of 364ms.' | 
8:06:01 PM | Debug | '[WS => Shard 0] [HeartbeatTimer] Sending a heartbeat.' | 
8:06:01 PM | Debug | '[WS => Shard 0] Heartbeat acknowledged, latency of 339ms.' | 
8:06:42 PM | Debug | '[WS => Shard 0] [HeartbeatTimer] Sending a heartbeat.' | 
8:06:42 PM | Debug | '[WS => Shard 0] Heartbeat acknowledged, latency of 333ms.' | 
8:07:23 PM | Debug | '[WS => Shard 0] [HeartbeatTimer] Sending a heartbeat.' | 
8:07:24 PM | Debug | '[WS => Shard 0] Heartbeat acknowledged, latency of 331ms.' | 
8:08:05 PM | Debug | '[WS => Shard 0] [HeartbeatTimer] Sending a heartbeat.' | 
8:08:05 PM | Debug | '[WS => Shard 0] Heartbeat acknowledged, latency of 333ms.' | 
8:08:46 PM | Debug | '[WS => Shard 0] [HeartbeatTimer] Sending a heartbeat.' | 
8:08:46 PM | Debug | '[WS => Shard 0] Heartbeat acknowledged, latency of 368ms.' | 
8:09:27 PM | Debug | '[WS => Shard 0] [HeartbeatTimer] Sending a heartbeat.' | 
8:09:27 PM | Debug | '[WS => Shard 0] Heartbeat acknowledged, latency of 322ms.' | 
8:10:08 PM | Debug | '[WS => Shard 0] [HeartbeatTimer] Sending a heartbeat.' | 
8:10:09 PM | Debug | '[WS => Shard 0] Heartbeat acknowledged, latency of 345ms.' | 
8:10:50 PM | Debug | '[WS => Shard 0] [HeartbeatTimer] Sending a heartbeat.' | 
8:10:50 PM | Debug | '[WS => Shard 0] Heartbeat acknowledged, latency of 331ms.' | 
8:11:31 PM | Debug | '[WS => Shard 0] [HeartbeatTimer] Sending a heartbeat.' | 
8:11:31 PM | Debug | '[WS => Shard 0] Heartbeat acknowledged, latency of 333ms.' | 
8:12:12 PM | Debug | '[WS => Shard 0] [HeartbeatTimer] Sending a heartbeat.' | 
8:12:13 PM | Debug | '[WS => Shard 0] Heartbeat acknowledged, latency of 338ms.' | 
8:12:53 PM | Debug | '[WS => Shard 0] [HeartbeatTimer] Sending a heartbeat.' | 
8:12:54 PM | Debug | '[WS => Shard 0] Heartbeat acknowledged, latency of 341ms.' | 
8:13:35 PM | Debug | '[WS => Shard 0] [HeartbeatTimer] Sending a heartbeat.' | 
8:13:35 PM | Debug | '[WS => Shard 0] Heartbeat acknowledged, latency of 344ms.' | 
8:14:16 PM | Debug | '[WS => Shard 0] [HeartbeatTimer] Sending a heartbeat.' | 
8:14:16 PM | Debug | '[WS => Shard 0] Heartbeat acknowledged, latency of 346ms.' | 
8:14:57 PM | Debug | '[WS => Shard 0] [HeartbeatTimer] Sending a heartbeat.' | 
8:14:58 PM | Debug | '[WS => Shard 0] Heartbeat acknowledged, latency of 337ms.' | 
8:15:38 PM | Debug | '[WS => Shard 0] [HeartbeatTimer] Sending a heartbeat.' | 
8:15:39 PM | Debug | '[WS => Shard 0] Heartbeat acknowledged, latency of 345ms.' | 
8:16:20 PM | Debug | '[WS => Shard 0] [HeartbeatTimer] Sending a heartbeat.' | 
8:16:20 PM | Debug | '[WS => Shard 0] Heartbeat acknowledged, latency of 335ms.' | 
8:17:01 PM | Debug | '[WS => Shard 0] [HeartbeatTimer] Sending a heartbeat.' | 
8:17:01 PM | Debug | '[WS => Shard 0] Heartbeat acknowledged, latency of 347ms.' | 
8:17:42 PM | Debug | '[WS => Shard 0] [HeartbeatTimer] Sending a heartbeat.' | 
8:17:43 PM | Debug | '[WS => Shard 0] Heartbeat acknowledged, latency of 346ms.' | 
8:18:23 PM | Debug | '[WS => Shard 0] [HeartbeatTimer] Sending a heartbeat.' | 
8:18:24 PM | Debug | '[WS => Shard 0] Heartbeat acknowledged, latency of 340ms.' | 
8:19:05 PM | Debug | '[WS => Shard 0] [HeartbeatTimer] Sending a heartbeat.' | 
8:19:05 PM | Debug | '[WS => Shard 0] Heartbeat acknowledged, latency of 349ms.' | 
8:19:46 PM | Debug | '[WS => Shard 0] [HeartbeatTimer] Sending a heartbeat.' | 
8:19:46 PM | Debug | '[WS => Shard 0] Heartbeat acknowledged, latency of 355ms.' | 
8:20:27 PM | Debug | '[WS => Shard 0] [HeartbeatTimer] Sending a heartbeat.' | 
8:20:28 PM | Debug | '[WS => Shard 0] Heartbeat acknowledged, latency of 342ms.' | 
8:21:09 PM | Debug | '[WS => Shard 0] [HeartbeatTimer] Sending a heartbeat.' | 
8:21:09 PM | Debug | '[WS => Shard 0] Heartbeat acknowledged, latency of 349ms.' | 
8:21:50 PM | Debug | '[WS => Shard 0] [HeartbeatTimer] Sending a heartbeat.' | 
8:21:50 PM | Debug | '[WS => Shard 0] Heartbeat acknowledged, latency of 355ms.' | 
8:22:31 PM | Debug | '[WS => Shard 0] [HeartbeatTimer] Sending a heartbeat.' | 
8:22:31 PM | Debug | '[WS => Shard 0] Heartbeat acknowledged, latency of 330ms.' | 
8:23:12 PM | Debug | '[WS => Shard 0] [HeartbeatTimer] Sending a heartbeat.' | 
8:23:13 PM | Debug | '[WS => Shard 0] Heartbeat acknowledged, latency of 344ms.' | 
8:23:54 PM | Debug | '[WS => Shard 0] [HeartbeatTimer] Sending a heartbeat.' | 
8:23:54 PM | Debug | '[WS => Shard 0] Heartbeat acknowledged, latency of 326ms.' | 
8:24:35 PM | Debug | '[WS => Shard 0] [HeartbeatTimer] Sending a heartbeat.' | 
8:24:35 PM | Debug | '[WS => Shard 0] Heartbeat acknowledged, latency of 328ms.' | 
8:25:16 PM | Debug | '[WS => Shard 0] [HeartbeatTimer] Sending a heartbeat.' | 
8:25:16 PM | Debug | '[WS => Shard 0] Heartbeat acknowledged, latency of 347ms.' | 
8:25:57 PM | Debug | '[WS => Shard 0] [HeartbeatTimer] Sending a heartbeat.' | 
8:25:58 PM | Debug | '[WS => Shard 0] Heartbeat acknowledged, latency of 324ms.' | 
8:26:39 PM | Debug | '[WS => Shard 0] [HeartbeatTimer] Sending a heartbeat.' | 
8:26:39 PM | Debug | '[WS => Shard 0] Heartbeat acknowledged, latency of 340ms.' | 
8:27:20 PM | Debug | '[WS => Shard 0] [HeartbeatTimer] Sending a heartbeat.' | 
8:27:20 PM | Debug | '[WS => Shard 0] Heartbeat acknowledged, latency of 338ms.' | 
8:28:01 PM | Debug | '[WS => Shard 0] [HeartbeatTimer] Sending a heartbeat.' | 
8:28:01 PM | Debug | '[WS => Shard 0] Heartbeat acknowledged, latency of 335ms.' | 
8:28:42 PM | Debug | '[WS => Shard 0] [HeartbeatTimer] Sending a heartbeat.' | 
8:28:43 PM | Debug | '[WS => Shard 0] Heartbeat acknowledged, latency of 339ms.' | 
8:29:24 PM | Debug | '[WS => Shard 0] [HeartbeatTimer] Sending a heartbeat.' | 
8:29:24 PM | Debug | '[WS => Shard 0] Heartbeat acknowledged, latency of 354ms.' | 
8:30:05 PM | Debug | '[WS => Shard 0] [HeartbeatTimer] Sending a heartbeat.' | 
8:30:05 PM | Debug | '[WS => Shard 0] Heartbeat acknowledged, latency of 330ms.' | 
8:30:46 PM | Debug | '[WS => Shard 0] [HeartbeatTimer] Sending a heartbeat.' | 
8:30:46 PM | Debug | '[WS => Shard 0] Heartbeat acknowledged, latency of 335ms.' | 
8:31:27 PM | Debug | '[WS => Shard 0] [HeartbeatTimer] Sending a heartbeat.' | 
8:31:28 PM | Debug | '[WS => Shard 0] Heartbeat acknowledged, latency of 375ms.' | 
8:32:09 PM | Debug | '[WS => Shard 0] [HeartbeatTimer] Sending a heartbeat.' | 
8:32:09 PM | Debug | '[WS => Shard 0] Heartbeat acknowledged, latency of 339ms.' | 
8:32:50 PM | Debug | '[WS => Shard 0] [HeartbeatTimer] Sending a heartbeat.' | 
8:32:50 PM | Debug | '[WS => Shard 0] Heartbeat acknowledged, latency of 339ms.' | 
8:33:31 PM | Debug | '[WS => Shard 0] [HeartbeatTimer] Sending a heartbeat.' | 
8:33:32 PM | Debug | '[WS => Shard 0] Heartbeat acknowledged, latency of 353ms.' | 
8:34:12 PM | Debug | '[WS => Shard 0] [HeartbeatTimer] Sending a heartbeat.' | 
8:34:13 PM | Debug | '[WS => Shard 0] Heartbeat acknowledged, latency of 347ms.' | 
8:34:54 PM | Debug | '[WS => Shard 0] [HeartbeatTimer] Sending a heartbeat.' | 
8:34:54 PM | Debug | '[WS => Shard 0] Heartbeat acknowledged, latency of 702ms.' | 
8:35:35 PM | Debug | '[WS => Shard 0] [HeartbeatTimer] Sending a heartbeat.' | 
8:35:35 PM | Debug | '[WS => Shard 0] Heartbeat acknowledged, latency of 353ms.' | 
8:36:16 PM | Debug | '[WS => Shard 0] [HeartbeatTimer] Sending a heartbeat.' | 
8:36:17 PM | Debug | '[WS => Shard 0] Heartbeat acknowledged, latency of 335ms.' | 
8:36:57 PM | Debug | '[WS => Shard 0] [HeartbeatTimer] Sending a heartbeat.' | 
8:36:58 PM | Debug | '[WS => Shard 0] Heartbeat acknowledged, latency of 352ms.' | 
